Analysis complete for AC103_1.fastq.gz
Analysis complete for AC10_1.fastq.gz
Analysis complete for AC108_1.fastq.gz
Analysis complete for AC111_1.fastq.gz
Analysis complete for AC104_1.fastq.gz
Analysis complete for AC109_1.fastq.gz
Analysis complete for AC106_1.fastq.gz
Analysis complete for AC110_1.fastq.gz
Analysis complete for AC113_1.fastq.gz
Analysis complete for AC117_1.fastq.gz
Analysis complete for AC112_1.fastq.gz
Analysis complete for AC114_1.fastq.gz
Analysis complete for AC119_1.fastq.gz
Analysis complete for AC116_1.fastq.gz
Analysis complete for AC11_1.fastq.gz
Analysis complete for AC115_1.fastq.gz
Analysis complete for AC1_1.fastq.gz
Analysis complete for AC122_1.fastq.gz
Analysis complete for AC123_1.fastq.gz
Analysis complete for AC126_1.fastq.gz
Analysis complete for AC120_1.fastq.gz
Analysis complete for AC125_1.fastq.gz
Analysis complete for AC121_1.fastq.gz
Analysis complete for AC12_1.fastq.gz
Analysis complete for AC127_1.fastq.gz
Analysis complete for AC129_1.fastq.gz
Analysis complete for AC13_1.fastq.gz
Analysis complete for AC130_1.fastq.gz
Analysis complete for AC131_1.fastq.gz
Analysis complete for AC132_1.fastq.gz
Analysis complete for AC133_1.fastq.gz
Analysis complete for AC134_1.fastq.gz
Analysis complete for AC136_1.fastq.gz
Analysis complete for AC139_1.fastq.gz
Analysis complete for AC140_1.fastq.gz
Analysis complete for ac137_1.fastq.gz
Analysis complete for AC14_1.fastq.gz
Analysis complete for AC143_1.fastq.gz
Analysis complete for AC141_1.fastq.gz
Analysis complete for AC142_1.fastq.gz
Analysis complete for AC144_1.fastq.gz
Analysis complete for AC146_1.fastq.gz
Analysis complete for AC148_1.fastq.gz
Analysis complete for AC149_1.fastq.gz
Analysis complete for AC147_1.fastq.gz
Analysis complete for AC150_1.fastq.gz
Analysis complete for AC151_1.fastq.gz
Analysis complete for AC15_1.fastq.gz
Analysis complete for AC152_1.fastq.gz
Analysis complete for AC153_1.fastq.gz
Analysis complete for AC155_1.fastq.gz
Analysis complete for AC154_1.fastq.gz
Analysis complete for ac157_1.fastq.gz
Analysis complete for AC156_1.fastq.gz
Analysis complete for AC159_1.fastq.gz
Analysis complete for AC160_1.fastq.gz
Analysis complete for AC16_1.fastq.gz
Analysis complete for AC162_1.fastq.gz
Analysis complete for AC164_1.fastq.gz
Analysis complete for AC163_1.fastq.gz
Analysis complete for AC165_1.fastq.gz
Analysis complete for AC169_1.fastq.gz
Analysis complete for AC166_1.fastq.gz
Analysis complete for AC167_1.fastq.gz
Analysis complete for AC170_1.fastq.gz
Analysis complete for AC172_1.fastq.gz
Analysis complete for AC17_1.fastq.gz
Analysis complete for AC175_1.fastq.gz
Analysis complete for AC174_1.fastq.gz
Analysis complete for AC176_1.fastq.gz
Analysis complete for AC178_1.fastq.gz
Analysis complete for AC180_1.fastq.gz
Analysis complete for AC181_1.fastq.gz
Analysis complete for AC183_1.fastq.gz
Analysis complete for AC182_1.fastq.gz
Analysis complete for AC18_1.fastq.gz
Analysis complete for AC185_1.fastq.gz
Analysis complete for AC186_1.fastq.gz
Analysis complete for AC188_1.fastq.gz
Analysis complete for AC191_1.fastq.gz
Analysis complete for AC19_1.fastq.gz
Analysis complete for AC192_1.fastq.gz
Analysis complete for AC193_1.fastq.gz
Analysis complete for AC197_1.fastq.gz
Analysis complete for AC198_1.fastq.gz
Analysis complete for AC201_1.fastq.gz
Analysis complete for AC20_1.fastq.gz
Analysis complete for AC202_1.fastq.gz
Analysis complete for AC203_1.fastq.gz
Analysis complete for ac204_1.fastq.gz
Analysis complete for AC206_1.fastq.gz
Analysis complete for AC205_1.fastq.gz
Analysis complete for AC207_1.fastq.gz
Analysis complete for AC208_1.fastq.gz
Analysis complete for AC209_1.fastq.gz
Analysis complete for AC212_1.fastq.gz
Analysis complete for AC213_1.fastq.gz
Analysis complete for AC214_1.fastq.gz
Analysis complete for AC215_1.fastq.gz
Analysis complete for AC218_1.fastq.gz
Analysis complete for AC2_1.fastq.gz
Analysis complete for AC220_1.fastq.gz
Analysis complete for AC222_1.fastq.gz
Analysis complete for AC22_1.fastq.gz
Analysis complete for AC221_1.fastq.gz
Analysis complete for AC226_1.fastq.gz
Analysis complete for AC223_1.fastq.gz
Analysis complete for AC224_1.fastq.gz
Analysis complete for AC229_1.fastq.gz
Analysis complete for AC228_1.fastq.gz
Analysis complete for AC230_1.fastq.gz
Analysis complete for AC23_1.fastq.gz
Analysis complete for AC231_1.fastq.gz
Analysis complete for AC233_1.fastq.gz
Analysis complete for AC232_1.fastq.gz
Analysis complete for AC236_1.fastq.gz
Analysis complete for AC234_1.fastq.gz
Analysis complete for AC235_1.fastq.gz
Analysis complete for AC237_1.fastq.gz
Analysis complete for AC239_1.fastq.gz
Analysis complete for AC238_1.fastq.gz
Analysis complete for AC242_1.fastq.gz
Analysis complete for AC24_1.fastq.gz
Analysis complete for AC243_1.fastq.gz
Analysis complete for AC244_1.fastq.gz
Analysis complete for AC245_1.fastq.gz
Analysis complete for AC246_1.fastq.gz
Analysis complete for AC247_1.fastq.gz
Analysis complete for AC248_1.fastq.gz
Analysis complete for AC250_1.fastq.gz
Analysis complete for AC249_1.fastq.gz
Analysis complete for AC252_1.fastq.gz
Analysis complete for AC251_1.fastq.gz
Analysis complete for AC25_1.fastq.gz
Analysis complete for AC253_1.fastq.gz
Analysis complete for AC254_1.fastq.gz
Analysis complete for AC255_1.fastq.gz
Analysis complete for AC256_1.fastq.gz
Analysis complete for AC260_1.fastq.gz
Analysis complete for AC26_1.fastq.gz
Analysis complete for AC264_1.fastq.gz
Analysis complete for AC262_1.fastq.gz
Analysis complete for AC265_1.fastq.gz
Analysis complete for AC270_1.fastq.gz
Analysis complete for AC269_1.fastq.gz
Analysis complete for AC271_1.fastq.gz
Analysis complete for AC27_1.fastq.gz
Analysis complete for AC272_1.fastq.gz
Analysis complete for AC273_1.fastq.gz
Analysis complete for AC276_1.fastq.gz
Analysis complete for AC278_1.fastq.gz
Analysis complete for AC279_1.fastq.gz
Analysis complete for AC277_1.fastq.gz
Analysis complete for AC280_1.fastq.gz
Analysis complete for AC281_1.fastq.gz
Analysis complete for AC28_1.fastq.gz
Analysis complete for AC283_1.fastq.gz
Analysis complete for AC282_1.fastq.gz
Analysis complete for AC286_1.fastq.gz
Analysis complete for AC284_1.fastq.gz
Analysis complete for AC288_1.fastq.gz
Analysis complete for AC290_1.fastq.gz
Analysis complete for AC291_1.fastq.gz
Analysis complete for AC292_1.fastq.gz
Analysis complete for AC295_1.fastq.gz
Analysis complete for AC29_1.fastq.gz
Analysis complete for AC296_1.fastq.gz
Analysis complete for AC297_1.fastq.gz
Analysis complete for AC299_1.fastq.gz
Analysis complete for AC300_1.fastq.gz
Analysis complete for AC302_1.fastq.gz
Analysis complete for AC301_1.fastq.gz
Analysis complete for AC31_1.fastq.gz
Analysis complete for AC30_1.fastq.gz
Analysis complete for AC3_1.fastq.gz
Analysis complete for AC32_1.fastq.gz
Analysis complete for AC33_1.fastq.gz
Analysis complete for AC34_1.fastq.gz
Analysis complete for AC35_1.fastq.gz
Analysis complete for AC36_1.fastq.gz
Analysis complete for AC37_1.fastq.gz
Analysis complete for AC38_1.fastq.gz
Analysis complete for AC39_1.fastq.gz
Analysis complete for AC40_1.fastq.gz
Analysis complete for AC41_1.fastq.gz
Analysis complete for AC42_1.fastq.gz
Analysis complete for AC43_1.fastq.gz
Analysis complete for AC44_1.fastq.gz
Analysis complete for AC46_1.fastq.gz
Analysis complete for AC47_1.fastq.gz
Analysis complete for AC48_1.fastq.gz
Analysis complete for AC45_1.fastq.gz
Analysis complete for AC50_1.fastq.gz
Analysis complete for AC51_1.fastq.gz
Analysis complete for AC52_1.fastq.gz
Analysis complete for AC5_1.fastq.gz
Analysis complete for AC53_1.fastq.gz
Analysis complete for AC55_1.fastq.gz
Analysis complete for AC54_1.fastq.gz
Analysis complete for AC57_1.fastq.gz
Analysis complete for AC56_1.fastq.gz
Analysis complete for AC58_1.fastq.gz
Analysis complete for AC60_1.fastq.gz
Analysis complete for AC59_1.fastq.gz
Analysis complete for AC61_1.fastq.gz
Analysis complete for AC6_1.fastq.gz
Analysis complete for AC63_1.fastq.gz
Analysis complete for AC62_1.fastq.gz
Analysis complete for AC64_1.fastq.gz
Analysis complete for AC65_1.fastq.gz
Analysis complete for AC66_1.fastq.gz
Analysis complete for AC67_1.fastq.gz
Analysis complete for AC68_1.fastq.gz
Analysis complete for AC69_1.fastq.gz
Analysis complete for AC70_1.fastq.gz
Analysis complete for AC71_1.fastq.gz
Analysis complete for AC7_1.fastq.gz
Analysis complete for AC72_1.fastq.gz
Analysis complete for AC73_1.fastq.gz
Analysis complete for AC74_1.fastq.gz
Analysis complete for AC75_1.fastq.gz
Analysis complete for AC76_1.fastq.gz
Analysis complete for AC78_1.fastq.gz
Analysis complete for AC79_1.fastq.gz
Analysis complete for AC82_1.fastq.gz
Analysis complete for AC8_1.fastq.gz
Analysis complete for AC83_1.fastq.gz
Analysis complete for AC85_1.fastq.gz
Analysis complete for AC86_1.fastq.gz
Analysis complete for AC87_1.fastq.gz
Analysis complete for AC88_1.fastq.gz
Analysis complete for AC89_1.fastq.gz
Analysis complete for AC91_1.fastq.gz
Analysis complete for AC92_1.fastq.gz
Analysis complete for AC93_1.fastq.gz
Analysis complete for AC94_1.fastq.gz
Analysis complete for AC95_1.fastq.gz
Analysis complete for AC96_1.fastq.gz
Analysis complete for AC98_1.fastq.gz
Analysis complete for AC99_1.fastq.gz
==================================================================================== INDAR@CICbioGUNE JOB ACCOUNTING START ====
JobID: 2027644.bat+ 
Jobname: batch 
ExitCode: 0:0 
Submit: 2022-10-24T12:44:52 
Start: 2022-10-24T12:44:52 
End: Unknown 
Elapsed 08:05:25 
Required CPUs: 8 
CPU time: 00:00:00 
Required mem: 3Gn 
Used resources: 
====================================================================================== INDAR@CICbioGUNE JOB ACCOUNTING END ====

Job ID: 2027644
Cluster: indar
User/Group: irondon/gparkaitz
State: RUNNING
Nodes: 1
Cores per node: 8
CPU Utilized: 00:00:00
CPU Efficiency: 0.00% of 2-16:43:28 core-walltime
Job Wall-clock time: 08:05:26
Memory Utilized: 0.00 MB (estimated maximum)
Memory Efficiency: 0.00% of 3.00 GB (3.00 GB/node)
WARNING: Efficiency statistics may be misleading for RUNNING jobs.
==================================================================================== INDAR@CICbioGUNE JOB ACCOUNTING START ====
JobID: 2027644.bat+ 
Jobname: batch 
ExitCode: 0:0 
Submit: 2022-10-24T12:44:52 
Start: 2022-10-24T12:44:52 
End: 2022-10-24T20:50:18 
Elapsed 08:05:26 
Required CPUs: 8 
CPU time: 1-23:51:38 
Required mem: 3Gn 
Used resources: cpu=1-23:51:2+ 
====================================================================================== INDAR@CICbioGUNE JOB ACCOUNTING END ====

Job ID: 2027644
Cluster: indar
User/Group: irondon/gparkaitz
State: COMPLETED (exit code 0)
Nodes: 1
Cores per node: 8
CPU Utilized: 1-23:51:38
CPU Efficiency: 73.95% of 2-16:43:28 core-walltime
Job Wall-clock time: 08:05:26
Memory Utilized: 2.14 GB
Memory Efficiency: 71.49% of 3.00 GB
