Analysis complete for AC103_2.fastq.gz
Analysis complete for AC10_2.fastq.gz
Analysis complete for AC108_2.fastq.gz
Analysis complete for AC111_2.fastq.gz
Analysis complete for AC104_2.fastq.gz
Analysis complete for AC106_2.fastq.gz
Analysis complete for AC109_2.fastq.gz
Analysis complete for AC110_2.fastq.gz
Analysis complete for AC113_2.fastq.gz
Analysis complete for AC117_2.fastq.gz
Analysis complete for AC112_2.fastq.gz
Analysis complete for AC114_2.fastq.gz
Analysis complete for AC116_2.fastq.gz
Analysis complete for AC119_2.fastq.gz
Analysis complete for AC11_2.fastq.gz
Analysis complete for AC115_2.fastq.gz
Analysis complete for AC120_2.fastq.gz
Analysis complete for AC122_2.fastq.gz
Analysis complete for AC126_2.fastq.gz
Analysis complete for AC123_2.fastq.gz
Analysis complete for AC125_2.fastq.gz
Analysis complete for AC121_2.fastq.gz
Analysis complete for AC12_2.fastq.gz
Analysis complete for AC127_2.fastq.gz
Analysis complete for AC1_2.fastq.gz
Analysis complete for AC129_2.fastq.gz
Analysis complete for AC130_2.fastq.gz
Analysis complete for AC13_2.fastq.gz
Analysis complete for AC131_2.fastq.gz
Analysis complete for AC132_2.fastq.gz
Analysis complete for AC133_2.fastq.gz
Analysis complete for AC134_2.fastq.gz
Analysis complete for AC136_2.fastq.gz
Analysis complete for ac137_2.fastq.gz
Analysis complete for AC139_2.fastq.gz
Analysis complete for AC140_2.fastq.gz
Analysis complete for AC141_2.fastq.gz
Analysis complete for AC14_2.fastq.gz
Analysis complete for AC142_2.fastq.gz
Analysis complete for AC143_2.fastq.gz
Analysis complete for AC144_2.fastq.gz
Analysis complete for AC146_2.fastq.gz
Analysis complete for AC148_2.fastq.gz
Analysis complete for AC147_2.fastq.gz
Analysis complete for AC149_2.fastq.gz
Analysis complete for AC152_2.fastq.gz
Analysis complete for AC151_2.fastq.gz
Analysis complete for AC150_2.fastq.gz
Analysis complete for AC15_2.fastq.gz
Analysis complete for AC153_2.fastq.gz
Analysis complete for AC155_2.fastq.gz
Analysis complete for ac157_2.fastq.gz
Analysis complete for AC154_2.fastq.gz
Analysis complete for AC156_2.fastq.gz
Analysis complete for AC159_2.fastq.gz
Analysis complete for AC160_2.fastq.gz
Analysis complete for AC162_2.fastq.gz
Analysis complete for AC164_2.fastq.gz
Analysis complete for AC165_2.fastq.gz
Analysis complete for AC163_2.fastq.gz
Analysis complete for AC16_2.fastq.gz
Analysis complete for AC169_2.fastq.gz
Analysis complete for AC167_2.fastq.gz
Analysis complete for AC166_2.fastq.gz
Analysis complete for AC170_2.fastq.gz
Analysis complete for AC172_2.fastq.gz
Analysis complete for AC17_2.fastq.gz
Analysis complete for AC175_2.fastq.gz
Analysis complete for AC176_2.fastq.gz
Analysis complete for AC174_2.fastq.gz
Analysis complete for AC178_2.fastq.gz
Analysis complete for AC180_2.fastq.gz
Analysis complete for AC181_2.fastq.gz
Analysis complete for AC182_2.fastq.gz
Analysis complete for AC183_2.fastq.gz
Analysis complete for AC185_2.fastq.gz
Analysis complete for AC186_2.fastq.gz
Analysis complete for AC18_2.fastq.gz
Analysis complete for AC188_2.fastq.gz
Analysis complete for AC191_2.fastq.gz
Analysis complete for AC192_2.fastq.gz
Analysis complete for AC19_2.fastq.gz
Analysis complete for AC193_2.fastq.gz
Analysis complete for AC197_2.fastq.gz
Analysis complete for AC198_2.fastq.gz
Analysis complete for AC201_2.fastq.gz
Analysis complete for AC202_2.fastq.gz
Analysis complete for AC20_2.fastq.gz
Analysis complete for AC203_2.fastq.gz
Analysis complete for ac204_2.fastq.gz
Analysis complete for AC205_2.fastq.gz
Analysis complete for AC206_2.fastq.gz
Analysis complete for AC207_2.fastq.gz
Analysis complete for AC208_2.fastq.gz
Analysis complete for AC209_2.fastq.gz
Analysis complete for AC212_2.fastq.gz
Analysis complete for AC213_2.fastq.gz
Analysis complete for AC214_2.fastq.gz
Analysis complete for AC215_2.fastq.gz
Analysis complete for AC218_2.fastq.gz
Analysis complete for AC220_2.fastq.gz
Analysis complete for AC221_2.fastq.gz
Analysis complete for AC222_2.fastq.gz
Analysis complete for AC22_2.fastq.gz
Analysis complete for AC223_2.fastq.gz
Analysis complete for AC228_2.fastq.gz
Analysis complete for AC226_2.fastq.gz
Analysis complete for AC224_2.fastq.gz
Analysis complete for AC229_2.fastq.gz
Analysis complete for AC2_2.fastq.gz
Analysis complete for AC230_2.fastq.gz
Analysis complete for AC231_2.fastq.gz
Analysis complete for AC232_2.fastq.gz
Analysis complete for AC23_2.fastq.gz
Analysis complete for AC233_2.fastq.gz
Analysis complete for AC234_2.fastq.gz
Analysis complete for AC235_2.fastq.gz
Analysis complete for AC236_2.fastq.gz
Analysis complete for AC237_2.fastq.gz
Analysis complete for AC239_2.fastq.gz
Analysis complete for AC238_2.fastq.gz
Analysis complete for AC242_2.fastq.gz
Analysis complete for AC24_2.fastq.gz
Analysis complete for AC243_2.fastq.gz
Analysis complete for AC244_2.fastq.gz
Analysis complete for AC246_2.fastq.gz
Analysis complete for AC245_2.fastq.gz
Analysis complete for AC247_2.fastq.gz
Analysis complete for AC248_2.fastq.gz
Analysis complete for AC250_2.fastq.gz
Analysis complete for AC249_2.fastq.gz
Analysis complete for AC252_2.fastq.gz
Analysis complete for AC251_2.fastq.gz
Analysis complete for AC25_2.fastq.gz
Analysis complete for AC253_2.fastq.gz
Analysis complete for AC254_2.fastq.gz
Analysis complete for AC255_2.fastq.gz
Analysis complete for AC260_2.fastq.gz
Analysis complete for AC256_2.fastq.gz
Analysis complete for AC26_2.fastq.gz
Analysis complete for AC262_2.fastq.gz
Analysis complete for AC264_2.fastq.gz
Analysis complete for AC265_2.fastq.gz
Analysis complete for AC270_2.fastq.gz
Analysis complete for AC269_2.fastq.gz
Analysis complete for AC271_2.fastq.gz
Analysis complete for AC272_2.fastq.gz
Analysis complete for AC27_2.fastq.gz
Analysis complete for AC273_2.fastq.gz
Analysis complete for AC278_2.fastq.gz
Analysis complete for AC276_2.fastq.gz
Analysis complete for AC279_2.fastq.gz
Analysis complete for AC277_2.fastq.gz
Analysis complete for AC280_2.fastq.gz
Analysis complete for AC281_2.fastq.gz
Analysis complete for AC28_2.fastq.gz
Analysis complete for AC282_2.fastq.gz
Analysis complete for AC283_2.fastq.gz
Analysis complete for AC286_2.fastq.gz
Analysis complete for AC284_2.fastq.gz
Analysis complete for AC288_2.fastq.gz
Analysis complete for AC290_2.fastq.gz
Analysis complete for AC291_2.fastq.gz
Analysis complete for AC295_2.fastq.gz
Analysis complete for AC292_2.fastq.gz
Analysis complete for AC296_2.fastq.gz
Analysis complete for AC297_2.fastq.gz
Analysis complete for AC299_2.fastq.gz
Analysis complete for AC29_2.fastq.gz
Analysis complete for AC300_2.fastq.gz
Analysis complete for AC301_2.fastq.gz
Analysis complete for AC302_2.fastq.gz
Analysis complete for AC31_2.fastq.gz
Analysis complete for AC30_2.fastq.gz
Analysis complete for AC32_2.fastq.gz
Analysis complete for AC3_2.fastq.gz
Analysis complete for AC33_2.fastq.gz
Analysis complete for AC34_2.fastq.gz
Analysis complete for AC35_2.fastq.gz
Analysis complete for AC36_2.fastq.gz
Analysis complete for AC37_2.fastq.gz
Analysis complete for AC38_2.fastq.gz
Analysis complete for AC39_2.fastq.gz
Analysis complete for AC41_2.fastq.gz
Analysis complete for AC40_2.fastq.gz
Analysis complete for AC43_2.fastq.gz
Analysis complete for AC42_2.fastq.gz
Analysis complete for AC44_2.fastq.gz
Analysis complete for AC46_2.fastq.gz
Analysis complete for AC47_2.fastq.gz
Analysis complete for AC45_2.fastq.gz
Analysis complete for AC50_2.fastq.gz
Analysis complete for AC51_2.fastq.gz
Analysis complete for AC48_2.fastq.gz
Analysis complete for AC52_2.fastq.gz
Analysis complete for AC5_2.fastq.gz
Analysis complete for AC53_2.fastq.gz
Analysis complete for AC54_2.fastq.gz
Analysis complete for AC55_2.fastq.gz
Analysis complete for AC57_2.fastq.gz
Analysis complete for AC56_2.fastq.gz
Analysis complete for AC58_2.fastq.gz
Analysis complete for AC60_2.fastq.gz
Analysis complete for AC59_2.fastq.gz
Analysis complete for AC61_2.fastq.gz
Analysis complete for AC6_2.fastq.gz
Analysis complete for AC63_2.fastq.gz
Analysis complete for AC62_2.fastq.gz
Analysis complete for AC65_2.fastq.gz
Analysis complete for AC64_2.fastq.gz
Analysis complete for AC66_2.fastq.gz
Analysis complete for AC67_2.fastq.gz
Analysis complete for AC68_2.fastq.gz
Analysis complete for AC69_2.fastq.gz
Analysis complete for AC70_2.fastq.gz
Analysis complete for AC71_2.fastq.gz
Analysis complete for AC72_2.fastq.gz
Analysis complete for AC7_2.fastq.gz
Analysis complete for AC73_2.fastq.gz
Analysis complete for AC74_2.fastq.gz
Analysis complete for AC75_2.fastq.gz
Analysis complete for AC76_2.fastq.gz
Analysis complete for AC78_2.fastq.gz
Analysis complete for AC79_2.fastq.gz
Analysis complete for AC82_2.fastq.gz
Analysis complete for AC8_2.fastq.gz
Analysis complete for AC83_2.fastq.gz
Analysis complete for AC85_2.fastq.gz
Analysis complete for AC86_2.fastq.gz
Analysis complete for AC87_2.fastq.gz
Analysis complete for AC88_2.fastq.gz
Analysis complete for AC89_2.fastq.gz
Analysis complete for AC91_2.fastq.gz
Analysis complete for AC92_2.fastq.gz
Analysis complete for AC93_2.fastq.gz
Analysis complete for AC94_2.fastq.gz
Analysis complete for AC95_2.fastq.gz
Analysis complete for AC96_2.fastq.gz
Analysis complete for AC98_2.fastq.gz
Analysis complete for AC99_2.fastq.gz
==================================================================================== INDAR@CICbioGUNE JOB ACCOUNTING START ====
JobID: 2027645.bat+ 
Jobname: batch 
ExitCode: 0:0 
Submit: 2022-10-24T12:53:45 
Start: 2022-10-24T12:53:45 
End: Unknown 
Elapsed 08:45:46 
Required CPUs: 8 
CPU time: 00:00:00 
Required mem: 3Gn 
Used resources: 
====================================================================================== INDAR@CICbioGUNE JOB ACCOUNTING END ====

Job ID: 2027645
Cluster: indar
User/Group: irondon/gparkaitz
State: RUNNING
Nodes: 1
Cores per node: 8
CPU Utilized: 00:00:00
CPU Efficiency: 0.00% of 2-22:06:16 core-walltime
Job Wall-clock time: 08:45:47
Memory Utilized: 0.00 MB (estimated maximum)
Memory Efficiency: 0.00% of 3.00 GB (3.00 GB/node)
WARNING: Efficiency statistics may be misleading for RUNNING jobs.
==================================================================================== INDAR@CICbioGUNE JOB ACCOUNTING START ====
JobID: 2027645.bat+ 
Jobname: batch 
ExitCode: 0:0 
Submit: 2022-10-24T12:53:45 
Start: 2022-10-24T12:53:45 
End: 2022-10-24T21:39:32 
Elapsed 08:45:47 
Required CPUs: 8 
CPU time: 2-03:05:36 
Required mem: 3Gn 
Used resources: cpu=2-03:05:3+ 
====================================================================================== INDAR@CICbioGUNE JOB ACCOUNTING END ====

Job ID: 2027645
Cluster: indar
User/Group: irondon/gparkaitz
State: COMPLETED (exit code 0)
Nodes: 1
Cores per node: 8
CPU Utilized: 2-03:05:36
CPU Efficiency: 72.88% of 2-22:06:16 core-walltime
Job Wall-clock time: 08:45:47
Memory Utilized: 2.16 GB
Memory Efficiency: 71.84% of 3.00 GB
